<?xml version="1.0" encoding="UTF-8"?>
<!-- Generated by org.testng.reporters.JUnitXMLReporter -->
<testsuite hostname="Khosuzs-MBP.lan" ignored="0" name="Default test" tests="6" failures="0" timestamp="2021-02-01T20:39:35 EST" time="3.551" errors="0">
  <testcase name="test_get01" time="1.938" classname="com.test.InteractiveDocuments"/>
  <testcase name="test_Post" time="0.549" classname="com.test.InteractiveDocuments"/>
  <testcase name="test_get02" time="0.748" classname="com.test.InteractiveDocuments"/>
  <testcase name="test_PUT" time="0.092" classname="com.test.InteractiveDocuments"/>
  <testcase name="test_get03" time="0.103" classname="com.test.InteractiveDocuments"/>
  <testcase name="test_DELETE" time="0.031" classname="com.test.InteractiveDocuments"/>
</testsuite> <!-- Default test -->
