<?xml version="1.0" encoding="UTF-8"?>
<!-- Generated by org.testng.reporters.JUnitXMLReporter -->
<testsuite hostname="Khosuzs-MBP.lan" ignored="0" name="HTTP Methods Utilization" tests="6" failures="0" timestamp="2021-02-01T20:43:28 EST" time="3.148" errors="0">
  <testcase name="test_get01" time="1.697" classname="com.test.InteractiveDocuments"/>
  <testcase name="test_Post" time="0.443" classname="com.test.InteractiveDocuments"/>
  <testcase name="test_get02" time="0.694" classname="com.test.InteractiveDocuments"/>
  <testcase name="test_PUT" time="0.075" classname="com.test.InteractiveDocuments"/>
  <testcase name="test_get03" time="0.136" classname="com.test.InteractiveDocuments"/>
  <testcase name="test_DELETE" time="0.038" classname="com.test.InteractiveDocuments"/>
</testsuite> <!-- HTTP Methods Utilization -->
